<?xml version="1.0" encoding="UTF-8"?>
<!-- Generated by org.testng.reporters.JUnitXMLReporter -->
<testsuite ignored="0" hostname="DESKTOP-TM4M2P9" failures="0" tests="4" name="Default test" time="0.073" errors="0" timestamp="2023-11-08T00:54:44 IST">
  <testcase classname="testPackage.TestNGGroupsDemo" name="test1" time="0.013"/>
  <testcase classname="testPackage.TestNGGroupsDemo" name="test2" time="0.002"/>
  <testcase classname="testPackage.TestNGGroupsDemo" name="test3" time="0.002"/>
  <testcase classname="testPackage.TestNGGroupsDemo" name="test4" time="0.003"/>
</testsuite> <!-- Default test -->
