<?xml version="1.0" encoding="UTF-8"?>
<!-- Generated by org.testng.reporters.JUnitXMLReporter -->
<testsuite ignored="3" hostname="DESKTOP-TM4M2P9" failures="0" tests="1" name="Test1" time="0.057" errors="0" timestamp="2023-11-02T23:43:11 IST">
  <testcase classname="testPackage.TestNGGroupsDemo" name="test2" time="0.014"/>
  <testcase classname="testPackage.TestNGGroupsDemo" name="test1" time="0.0">
    <ignored/>
  </testcase> <!-- test1 -->
  <testcase classname="testPackage.TestNGGroupsDemo" name="test4" time="0.0">
    <ignored/>
  </testcase> <!-- test4 -->
  <testcase classname="testPackage.TestNGGroupsDemo" name="test3" time="0.0">
    <ignored/>
  </testcase> <!-- test3 -->
</testsuite> <!-- Test1 -->
