<?xml version="1.0" encoding="UTF-8"?>
<testng-results ignored="0" total="4" passed="4" failed="0" skipped="0">
  <reporter-output>
  </reporter-output>
  <suite started-at="2023-11-08T00:54:44 IST" name="Default suite" finished-at="2023-11-08T00:54:44 IST" duration-ms="73">
    <groups>
      <group name="regression">
        <method signature="TestNGGroupsDemo.test3()[pri:0, instance:testPackage.TestNGGroupsDemo@5b7a5baa]" name="test3" class="testPackage.TestNGGroupsDemo"/>
      </group> <!-- regression -->
      <group name="smoke">
        <method signature="TestNGGroupsDemo.test2()[pri:0, instance:testPackage.TestNGGroupsDemo@5b7a5baa]" name="test2" class="testPackage.TestNGGroupsDemo"/>
      </group> <!-- smoke -->
      <group name="sanity">
        <method signature="TestNGGroupsDemo.test1()[pri:0, instance:testPackage.TestNGGroupsDemo@5b7a5baa]" name="test1" class="testPackage.TestNGGroupsDemo"/>
        <method signature="TestNGGroupsDemo.test2()[pri:0, instance:testPackage.TestNGGroupsDemo@5b7a5baa]" name="test2" class="testPackage.TestNGGroupsDemo"/>
        <method signature="TestNGGroupsDemo.test3()[pri:0, instance:testPackage.TestNGGroupsDemo@5b7a5baa]" name="test3" class="testPackage.TestNGGroupsDemo"/>
      </group> <!-- sanity -->
    </groups>
    <test started-at="2023-11-08T00:54:44 IST" name="Default test" finished-at="2023-11-08T00:54:44 IST" duration-ms="73">
      <class name="testPackage.TestNGGroupsDemo">
        <test-method signature="test1()[pri:0, instance:testPackage.TestNGGroupsDemo@5b7a5baa]" started-at="2023-11-08T00:54:44 IST" name="test1" finished-at="2023-11-08T00:54:44 IST" duration-ms="13" status="PASS">
          <reporter-output>
          </reporter-output>
        </test-method> <!-- test1 -->
        <test-method signature="test2()[pri:0, instance:testPackage.TestNGGroupsDemo@5b7a5baa]" started-at="2023-11-08T00:54:44 IST" name="test2" finished-at="2023-11-08T00:54:44 IST" duration-ms="2" status="PASS">
          <reporter-output>
          </reporter-output>
        </test-method> <!-- test2 -->
        <test-method signature="test3()[pri:0, instance:testPackage.TestNGGroupsDemo@5b7a5baa]" started-at="2023-11-08T00:54:44 IST" name="test3" finished-at="2023-11-08T00:54:44 IST" duration-ms="2" status="PASS">
          <reporter-output>
          </reporter-output>
        </test-method> <!-- test3 -->
        <test-method signature="test4()[pri:0, instance:testPackage.TestNGGroupsDemo@5b7a5baa]" started-at="2023-11-08T00:54:44 IST" name="test4" finished-at="2023-11-08T00:54:44 IST" duration-ms="3" status="PASS">
          <reporter-output>
          </reporter-output>
        </test-method> <!-- test4 -->
      </class> <!-- testPackage.TestNGGroupsDemo -->
    </test> <!-- Default test -->
  </suite> <!-- Default suite -->
</testng-results>
