<?xml version="1.0" encoding="UTF-8"?>
<!-- Generated by org.testng.reporters.JUnitXMLReporter -->
<testsuite ignored="1" hostname="DESKTOP-TM4M2P9" failures="0" tests="3" name="Test" time="12.114" errors="0" timestamp="2023-10-30T07:34:48 PDT">
  <testcase classname="testPackage.Test4_google_search2" name="googleSearch" time="3.997"/>
  <testcase classname="testPackage.Test1_google_search" name="googleSearch2" time="4.515"/>
  <testcase classname="testPackage.Test4_google_search2" name="googleSearch2" time="1.418"/>
  <testcase classname="testPackage.Test1_google_search" name="googleSearch" time="0.0">
    <ignored/>
  </testcase> <!-- googleSearch -->
</testsuite> <!-- Test -->
